<?xml version="1.0" encoding="UTF-8"?>
<testsuite name="it.unicam.cs.mpgc.rpg126322.model.CombatTest" tests="2" skipped="0" failures="0" errors="0" timestamp="2026-07-10T15:36:00" hostname="LENOVOLUCAB" time="0.047">
  <properties/>
  <testcase name="testMortePersonaggio()" classname="it.unicam.cs.mpgc.rpg126322.model.CombatTest" time="0.042"/>
  <testcase name="testAttaccoEComputazioneDanni()" classname="it.unicam.cs.mpgc.rpg126322.model.CombatTest" time="0.003"/>
  <system-out><![CDATA[]]></system-out>
  <system-err><![CDATA[]]></system-err>
</testsuite>
